<?xml version="1.0" encoding="UTF-8"?>
<testsuites>
  <testsuite id="0" name="C:\Users\jpk\bspk\long-form-audio-recipe\custom\test\what3words-interceptor.test.js" errors="0" package="C:\Users\jpk\bspk\long-form-audio-recipe\custom\test\what3words-interceptor.test.js" hostname="localhost" tests="3" failures="0" time="4.424" timestamp="2019-12-25T18:16:23">
    <properties>
    </properties>
    <testcase classname="what3words test" name="resolves address from parrot encoding" time="0">
    </testcase>
    <testcase classname="what3words test" name="correctly downloads and concatenates audio" time="0">
    </testcase>
    <testcase classname="what3words test" name="correctly handles result that is corrected by autosuggest" time="0">
    </testcase>
    <system-out/>
    <system-err/>
  </testsuite>
</testsuites>