<?xml version="1.0" encoding="UTF-8"?>
<testsuites>
  <testsuite id="0" name="C:\Users\jpk\bspk\long-form-audio-recipe\test\batch-runner.test.js" errors="0" package="C:\Users\jpk\bspk\long-form-audio-recipe\test\batch-runner.test.js" hostname="localhost" tests="1" failures="0" time="5.527" timestamp="2019-12-26T01:29:46">
    <properties>
    </properties>
    <testcase classname="batch runner processes records" name="process simple file" time="0">
    </testcase>
    <system-out/>
    <system-err/>
  </testsuite>
  <testsuite id="1" name="C:\Users\jpk\bspk\long-form-audio-recipe\custom\test\what3words-interceptor.test.js" errors="0" package="C:\Users\jpk\bspk\long-form-audio-recipe\custom\test\what3words-interceptor.test.js" hostname="localhost" tests="3" failures="0" time="7.45" timestamp="2019-12-26T01:29:46">
    <properties>
    </properties>
    <testcase classname="what3words test" name="resolves address from parrot encoding" time="0">
    </testcase>
    <testcase classname="what3words test" name="correctly downloads and concatenates audio" time="0">
    </testcase>
    <testcase classname="what3words test" name="correctly handles result that is corrected by autosuggest" time="0">
    </testcase>
    <system-out/>
    <system-err/>
  </testsuite>
</testsuites>